<?xml version="1.0" encoding="UTF-8"?>
<testng-results skipped="0" failed="0" ignored="0" total="1" passed="1">
  <reporter-output>
  </reporter-output>
  <suite name="Default suite" duration-ms="72255" started-at="2019-08-16T15:31:16Z" finished-at="2019-08-16T15:32:28Z">
    <groups>
    </groups>
    <test name="Default test" duration-ms="72255" started-at="2019-08-16T15:31:16Z" finished-at="2019-08-16T15:32:28Z">
      <class name="kdf.Application">
        <test-method status="PASS" signature="verifyInvalidLoginTest()[pri:0, instance:kdf.Application@cc285f4]" name="verifyInvalidLoginTest" duration-ms="72113" started-at="2019-08-16T15:31:16Z" finished-at="2019-08-16T15:32:28Z">
          <reporter-output>
          </reporter-output>
        </test-method> <!-- verifyInvalidLoginTest -->
      </class> <!-- kdf.Application -->
    </test> <!-- Default test -->
  </suite> <!-- Default suite -->
</testng-results>
