<?xml version="1.0" encoding="UTF-8"?>
<!-- Generated by org.testng.reporters.JUnitXMLReporter -->
<testsuite hostname="LAPTOP-PP7LTPN0" ignored="0" name="EdgeTest" tests="1" failures="1" timestamp="14 Aug 2019 15:34:17 GMT" time="55.432" errors="0">
  <testcase name="applicationInvalidLogin" time="10.571" classname="com.demoaut.newtours.TestScripts.VerifyInvalidCredentialsTest">
    <failure type="java.lang.AssertionError" message="expected [Welcome back to Mercury Tours! Enter your user information to access the member-only areas of this site. If you don&amp;apos;t have a log-in, please fill out the registration form.] but found [Welcome back to Mercury Tours! Enter your user information to access the member-only areas of this site. If you don&amp;apos;t have a log-in, please fill out the registration form. ]">
      <![CDATA[java.lang.AssertionError: expected [Welcome back to Mercury Tours! Enter your user information to access the member-only areas of this site. If you don't have a log-in, please fill out the registration form.] but found [Welcome back to Mercury Tours! Enter your user information to access the member-only areas of this site. If you don't have a log-in, please fill out the registration form. ]
at com.demoaut.newtours.TestScripts.VerifyInvalidCredentialsTest.applicationInvalidLogin(VerifyInvalidCredentialsTest.java:62)
... Removed 31 stack frames]]>
    </failure>
  </testcase> <!-- applicationInvalidLogin -->
</testsuite> <!-- EdgeTest -->
